============================= test session starts ==============================
platform linux -- Python 3.13.7, pytest-9.0.3, pluggy-1.6.0
rootdir: /tmp/blitzy/parent-repo-with-submodules/blitzy-269ab3e9-c1b1-4918-b112-06baf6219fda_e389d8/repo2-python
plugins: anyio-4.13.0, langsmith-0.8.5, asyncio-1.3.0, typeguard-4.4.2
asyncio: mode=Mode.STRICT, debug=False, asyncio_default_fixture_loop_scope=None, asyncio_default_test_loop_scope=function
collected 1 item

test/test_hello_world.py .                                               [100%]

============================== 1 passed in 0.01s ===============================
